TN:
SF:src\controllers\hub.controller.ts
FN:100,(anonymous_0)
FN:120,(anonymous_1)
FN:131,(anonymous_2)
FN:152,(anonymous_3)
FN:194,(anonymous_4)
FN:248,(anonymous_5)
FN:283,(anonymous_6)
FN:318,(anonymous_7)
FN:356,(anonymous_8)
FN:410,(anonymous_9)
FN:464,(anonymous_10)
FN:506,(anonymous_11)
FN:561,(anonymous_12)
FN:625,(anonymous_13)
FN:674,(anonymous_14)
FN:744,(anonymous_15)
FNF:16
FNH:0
FNDA:0,(anonymous_0)
FNDA:0,(anonymous_1)
FNDA:0,(anonymous_2)
FNDA:0,(anonymous_3)
FNDA:0,(anonymous_4)
FNDA:0,(anonymous_5)
FNDA:0,(anonymous_6)
FNDA:0,(anonymous_7)
FNDA:0,(anonymous_8)
FNDA:0,(anonymous_9)
FNDA:0,(anonymous_10)
FNDA:0,(anonymous_11)
FNDA:0,(anonymous_12)
FNDA:0,(anonymous_13)
FNDA:0,(anonymous_14)
FNDA:0,(anonymous_15)
DA:14,0
DA:15,0
DA:16,0
DA:19,0
DA:25,0
DA:49,0
DA:59,0
DA:71,0
DA:84,0
DA:89,0
DA:100,0
DA:101,0
DA:110,0
DA:111,0
DA:114,0
DA:120,0
DA:121,0
DA:131,0
DA:132,0
DA:133,0
DA:134,0
DA:137,0
DA:152,0
DA:177,0
DA:179,0
DA:180,0
DA:186,0
DA:187,0
DA:194,0
DA:195,0
DA:196,0
DA:197,0
DA:200,0
DA:209,0
DA:210,0
DA:214,0
DA:234,0
DA:235,0
DA:238,0
DA:240,0
DA:241,0
DA:248,0
DA:249,0
DA:250,0
DA:252,0
DA:273,0
DA:275,0
DA:276,0
DA:283,0
DA:284,0
DA:285,0
DA:286,0
DA:287,0
DA:290,0
DA:291,0
DA:292,0
DA:296,0
DA:301,0
DA:303,0
DA:304,0
DA:310,0
DA:311,0
DA:318,0
DA:319,0
DA:320,0
DA:321,0
DA:324,0
DA:333,0
DA:334,0
DA:338,0
DA:342,0
DA:344,0
DA:345,0
DA:356,0
DA:360,0
DA:361,0
DA:362,0
DA:363,0
DA:366,0
DA:367,0
DA:368,0
DA:372,0
DA:381,0
DA:382,0
DA:386,0
DA:393,0
DA:395,0
DA:396,0
DA:402,0
DA:403,0
DA:410,0
DA:414,0
DA:415,0
DA:416,0
DA:417,0
DA:420,0
DA:421,0
DA:422,0
DA:426,0
DA:427,0
DA:436,0
DA:437,0
DA:442,0
DA:447,0
DA:449,0
DA:450,0
DA:456,0
DA:457,0
DA:464,0
DA:468,0
DA:469,0
DA:470,0
DA:473,0
DA:474,0
DA:475,0
DA:479,0
DA:483,0
DA:484,0
DA:488,0
DA:492,0
DA:494,0
DA:495,0
DA:506,0
DA:510,0
DA:511,0
DA:512,0
DA:513,0
DA:516,0
DA:517,0
DA:518,0
DA:522,0
DA:523,0
DA:524,0
DA:525,0
DA:529,0
DA:533,0
DA:544,0
DA:546,0
DA:547,0
DA:553,0
DA:554,0
DA:561,0
DA:565,0
DA:566,0
DA:567,0
DA:569,0
DA:570,0
DA:575,0
DA:577,0
DA:578,0
DA:582,0
DA:591,0
DA:592,0
DA:596,0
DA:611,0
DA:613,0
DA:614,0
DA:625,0
DA:629,0
DA:630,0
DA:631,0
DA:634,0
DA:643,0
DA:644,0
DA:648,0
DA:664,0
DA:666,0
DA:667,0
DA:674,0
DA:678,0
DA:679,0
DA:680,0
DA:681,0
DA:684,0
DA:693,0
DA:694,0
DA:697,0
DA:698,0
DA:702,0
DA:703,0
DA:707,0
DA:708,0
DA:713,0
DA:727,0
DA:729,0
DA:730,0
DA:736,0
DA:737,0
DA:744,0
DA:748,0
DA:749,0
DA:750,0
DA:753,0
DA:764,0
DA:765,0
DA:769,0
DA:778,0
DA:779,0
DA:783,0
DA:784,0
DA:787,0
DA:788,0
DA:791,0
DA:793,0
DA:794,0
DA:799,0
DA:803,0
DA:805,0
DA:806,0
LF:209
LH:0
BRDA:100,0,0,0
BRDA:110,1,0,0
BRDA:155,2,0,0
BRDA:155,2,1,0
BRDA:179,3,0,0
BRDA:209,4,0,0
BRDA:234,5,0,0
BRDA:291,6,0,0
BRDA:303,7,0,0
BRDA:333,8,0,0
BRDA:333,9,0,0
BRDA:333,9,1,0
BRDA:367,10,0,0
BRDA:381,11,0,0
BRDA:395,12,0,0
BRDA:421,13,0,0
BRDA:426,14,0,0
BRDA:436,15,0,0
BRDA:436,16,0,0
BRDA:436,16,1,0
BRDA:449,17,0,0
BRDA:474,18,0,0
BRDA:483,19,0,0
BRDA:517,20,0,0
BRDA:523,21,0,0
BRDA:546,22,0,0
BRDA:569,23,0,0
BRDA:577,24,0,0
BRDA:591,25,0,0
BRDA:643,26,0,0
BRDA:693,27,0,0
BRDA:697,28,0,0
BRDA:697,29,0,0
BRDA:697,29,1,0
BRDA:702,30,0,0
BRDA:707,31,0,0
BRDA:729,32,0,0
BRDA:764,33,0,0
BRDA:778,34,0,0
BRDA:783,35,0,0
BRDA:787,36,0,0
BRDA:787,37,0,0
BRDA:787,37,1,0
BRDA:791,38,0,0
BRDA:793,39,0,0
BRF:45
BRH:0
end_of_record
TN:
SF:src\controllers\message.controller.ts
FN:51,(anonymous_0)
FN:91,(anonymous_1)
FN:148,(anonymous_2)
FN:212,(anonymous_3)
FN:285,(anonymous_4)
FN:347,(anonymous_5)
FN:423,(anonymous_6)
FN:495,(anonymous_7)
FNF:8
FNH:0
FNDA:0,(anonymous_0)
FNDA:0,(anonymous_1)
FNDA:0,(anonymous_2)
FNDA:0,(anonymous_3)
FNDA:0,(anonymous_4)
FNDA:0,(anonymous_5)
FNDA:0,(anonymous_6)
FNDA:0,(anonymous_7)
DA:14,0
DA:15,0
DA:18,0
DA:24,0
DA:32,0
DA:40,0
DA:51,0
DA:53,0
DA:69,0
DA:70,0
DA:74,0
DA:77,0
DA:81,0
DA:91,0
DA:92,0
DA:93,0
DA:94,0
DA:97,0
DA:101,0
DA:102,0
DA:106,0
DA:107,0
DA:111,0
DA:112,0
DA:117,0
DA:131,0
DA:133,0
DA:134,0
DA:140,0
DA:141,0
DA:148,0
DA:149,0
DA:150,0
DA:151,0
DA:154,0
DA:155,0
DA:156,0
DA:160,0
DA:161,0
DA:165,0
DA:166,0
DA:171,0
DA:195,0
DA:197,0
DA:198,0
DA:204,0
DA:205,0
DA:212,0
DA:216,0
DA:217,0
DA:218,0
DA:219,0
DA:220,0
DA:223,0
DA:275,0
DA:277,0
DA:278,0
DA:285,0
DA:289,0
DA:290,0
DA:291,0
DA:292,0
DA:293,0
DA:296,0
DA:297,0
DA:298,0
DA:302,0
DA:337,0
DA:339,0
DA:340,0
DA:347,0
DA:351,0
DA:352,0
DA:353,0
DA:354,0
DA:357,0
DA:361,0
DA:362,0
DA:366,0
DA:367,0
DA:371,0
DA:372,0
DA:374,0
DA:375,0
DA:379,0
DA:406,0
DA:408,0
DA:409,0
DA:415,0
DA:416,0
DA:423,0
DA:427,0
DA:428,0
DA:429,0
DA:432,0
DA:454,0
DA:455,0
DA:459,0
DA:461,0
DA:463,0
DA:464,0
DA:468,0
DA:485,0
DA:487,0
DA:488,0
DA:495,0
DA:499,0
DA:500,0
DA:501,0
DA:502,0
DA:504,0
DA:505,0
DA:512,0
DA:516,0
DA:517,0
DA:521,0
DA:522,0
DA:523,0
DA:524,0
DA:526,0
DA:527,0
DA:530,0
DA:537,0
DA:538,0
LF:124
LH:0
BRDA:69,0,0,0
BRDA:74,1,0,0
BRDA:101,2,0,0
BRDA:106,3,0,0
BRDA:111,4,0,0
BRDA:133,5,0,0
BRDA:155,6,0,0
BRDA:160,7,0,0
BRDA:165,8,0,0
BRDA:197,9,0,0
BRDA:219,10,0,0
BRDA:219,10,1,0
BRDA:240,11,0,0
BRDA:240,11,1,0
BRDA:292,12,0,0
BRDA:292,12,1,0
BRDA:297,13,0,0
BRDA:305,14,0,0
BRDA:305,14,1,0
BRDA:361,15,0,0
BRDA:366,16,0,0
BRDA:374,17,0,0
BRDA:408,18,0,0
BRDA:454,19,0,0
BRDA:461,20,0,0
BRDA:461,20,1,0
BRDA:463,21,0,0
BRDA:463,22,0,0
BRDA:463,22,1,0
BRDA:504,23,0,0
BRDA:504,24,0,0
BRDA:504,24,1,0
BRDA:516,25,0,0
BRDA:521,26,0,0
BRDA:521,26,1,0
BRDA:523,27,0,0
BRDA:526,28,0,0
BRDA:526,29,0,0
BRDA:526,29,1,0
BRF:39
BRH:0
end_of_record
TN:
SF:src\controllers\passwordReset.controller.ts
FN:44,(anonymous_1)
FN:53,requestPasswordReset
FN:129,verifyResetToken
FN:176,resetPassword
FNF:4
FNH:0
FNDA:0,(anonymous_1)
FNDA:0,requestPasswordReset
FNDA:0,verifyResetToken
FNDA:0,resetPassword
DA:14,0
DA:15,0
DA:16,0
DA:17,0
DA:18,0
DA:19,0
DA:22,0
DA:27,0
DA:33,0
DA:44,0
DA:53,0
DA:54,0
DA:55,0
DA:58,0
DA:67,0
DA:69,0
DA:70,0
DA:76,0
DA:77,0
DA:80,0
DA:89,0
DA:91,0
DA:104,0
DA:106,0
DA:110,0
DA:111,0
DA:117,0
DA:118,0
DA:129,0
DA:130,0
DA:131,0
DA:134,0
DA:145,0
DA:146,0
DA:152,0
DA:157,0
DA:158,0
DA:164,0
DA:165,0
DA:176,0
DA:177,0
DA:178,0
DA:181,0
DA:192,0
DA:193,0
DA:200,0
DA:201,0
DA:204,0
DA:219,0
DA:221,0
DA:225,0
DA:226,0
DA:232,0
DA:233,0
LF:54
LH:0
BRDA:67,0,0,0
BRDA:110,1,0,0
BRDA:145,2,0,0
BRDA:157,3,0,0
BRDA:192,4,0,0
BRDA:225,5,0,0
BRF:6
BRH:0
end_of_record
TN:
SF:src\controllers\user.controller.ts
FN:74,(anonymous_1)
FN:165,(anonymous_2)
FN:253,(anonymous_3)
FN:286,(anonymous_4)
FN:341,(anonymous_5)
FN:374,(anonymous_6)
FN:412,(anonymous_7)
FN:451,(anonymous_8)
FN:498,(anonymous_9)
FNF:9
FNH:0
FNDA:0,(anonymous_1)
FNDA:0,(anonymous_2)
FNDA:0,(anonymous_3)
FNDA:0,(anonymous_4)
FNDA:0,(anonymous_5)
FNDA:0,(anonymous_6)
FNDA:0,(anonymous_7)
FNDA:0,(anonymous_8)
FNDA:0,(anonymous_9)
DA:14,0
DA:15,0
DA:16,0
DA:18,0
DA:21,0
DA:27,0
DA:45,0
DA:50,0
DA:57,0
DA:74,0
DA:75,0
DA:77,0
DA:80,0
DA:86,0
DA:87,0
DA:88,0
DA:90,0
DA:94,0
DA:95,0
DA:98,0
DA:109,0
DA:119,0
DA:120,0
DA:121,0
DA:124,0
DA:135,0
DA:150,0
DA:151,0
DA:157,0
DA:158,0
DA:165,0
DA:166,0
DA:168,0
DA:171,0
DA:180,0
DA:181,0
DA:185,0
DA:186,0
DA:187,0
DA:191,0
DA:201,0
DA:202,0
DA:203,0
DA:206,0
DA:217,0
DA:223,0
DA:238,0
DA:239,0
DA:245,0
DA:246,0
DA:253,0
DA:254,0
DA:255,0
DA:256,0
DA:258,0
DA:259,0
DA:263,0
DA:271,0
DA:276,0
DA:278,0
DA:279,0
DA:286,0
DA:287,0
DA:288,0
DA:290,0
DA:291,0
DA:295,0
DA:307,0
DA:308,0
DA:312,0
DA:322,0
DA:327,0
DA:329,0
DA:330,0
DA:341,0
DA:342,0
DA:343,0
DA:345,0
DA:349,0
DA:350,0
DA:353,0
DA:366,0
DA:367,0
DA:374,0
DA:375,0
DA:376,0
DA:378,0
DA:387,0
DA:388,0
DA:392,0
DA:404,0
DA:405,0
DA:412,0
DA:413,0
DA:414,0
DA:415,0
DA:417,0
DA:422,0
DA:436,0
DA:437,0
DA:443,0
DA:444,0
DA:451,0
DA:452,0
DA:453,0
DA:454,0
DA:457,0
DA:461,0
DA:462,0
DA:466,0
DA:467,0
DA:468,0
DA:472,0
DA:473,0
DA:476,0
DA:481,0
DA:483,0
DA:484,0
DA:490,0
DA:491,0
DA:498,0
DA:499,0
DA:500,0
DA:503,0
DA:508,0
DA:512,0
DA:514,0
DA:515,0
LF:128
LH:0
BRDA:86,0,0,0
BRDA:87,1,0,0
BRDA:103,2,0,0
BRDA:103,2,1,0
BRDA:129,3,0,0
BRDA:129,3,1,0
BRDA:150,4,0,0
BRDA:180,5,0,0
BRDA:186,6,0,0
BRDA:211,7,0,0
BRDA:211,7,1,0
BRDA:238,8,0,0
BRDA:258,9,0,0
BRDA:290,10,0,0
BRDA:307,11,0,0
BRDA:349,12,0,0
BRDA:387,13,0,0
BRDA:436,14,0,0
BRDA:461,15,0,0
BRDA:467,16,0,0
BRDA:483,17,0,0
BRF:21
BRH:0
end_of_record
TN:
SF:src\middleware\auth.ts
FN:50,(anonymous_10)
FN:52,(anonymous_11)
FN:98,(anonymous_12)
FN:99,(anonymous_13)
FN:165,(anonymous_14)
FN:167,(anonymous_15)
FN:170,(anonymous_16)
FN:184,(anonymous_17)
FN:185,(anonymous_18)
FNF:9
FNH:0
FNDA:0,(anonymous_10)
FNDA:0,(anonymous_11)
FNDA:0,(anonymous_12)
FNDA:0,(anonymous_13)
FNDA:0,(anonymous_14)
FNDA:0,(anonymous_15)
FNDA:0,(anonymous_16)
FNDA:0,(anonymous_17)
FNDA:0,(anonymous_18)
DA:16,0
DA:42,0
DA:43,0
DA:44,0
DA:50,0
DA:52,0
DA:53,0
DA:55,0
DA:58,0
DA:60,0
DA:61,0
DA:65,0
DA:70,0
DA:71,0
DA:72,0
DA:79,0
DA:85,0
DA:86,0
DA:98,0
DA:99,0
DA:100,0
DA:102,0
DA:105,0
DA:108,0
DA:109,0
DA:111,0
DA:112,0
DA:113,0
DA:119,0
DA:134,0
DA:136,0
DA:137,0
DA:138,0
DA:145,0
DA:149,0
DA:151,0
DA:152,0
DA:165,0
DA:167,0
DA:170,0
DA:177,0
DA:184,0
DA:185,0
DA:187,0
DA:188,0
DA:189,0
DA:190,0
DA:191,0
DA:192,0
DA:193,0
DA:195,0
DA:198,0
LF:52
LH:0
BRDA:60,0,0,0
BRDA:70,1,0,0
BRDA:111,2,0,0
BRDA:136,3,0,0
BRDA:136,4,0,0
BRDA:136,4,1,0
BRDA:149,5,0,0
BRDA:168,6,0,0
BRDA:168,6,1,0
BRDA:169,7,0,0
BRDA:169,7,1,0
BRF:11
BRH:0
end_of_record
TN:
SF:src\middleware\rate-limit.ts
FN:20,getRedisClient
FN:26,(anonymous_11)
FN:45,setupRateLimits
FN:59,(anonymous_13)
FN:77,(anonymous_14)
FN:84,(anonymous_15)
FNF:6
FNH:0
FNDA:0,getRedisClient
FNDA:0,(anonymous_11)
FNDA:0,setupRateLimits
FNDA:0,(anonymous_13)
FNDA:0,(anonymous_14)
FNDA:0,(anonymous_15)
DA:13,0
DA:14,0
DA:21,0
DA:22,0
DA:23,0
DA:26,0
DA:27,0
DA:30,0
DA:31,0
DA:33,0
DA:35,0
DA:36,0
DA:45,0
DA:46,0
DA:49,0
DA:60,0
DA:67,0
DA:77,0
DA:79,0
DA:80,0
DA:81,0
DA:84,0
DA:85,0
DA:86,0
DA:93,0
DA:94,0
DA:101,0
DA:102,0
DA:112,0
DA:115,0
LF:30
LH:0
BRDA:22,0,0,0
BRDA:51,1,0,0
BRDA:51,1,1,0
BRDA:52,2,0,0
BRDA:52,2,1,0
BRDA:56,3,0,0
BRDA:56,3,1,0
BRDA:85,4,0,0
BRDA:85,4,1,0
BRDA:93,5,0,0
BRDA:93,5,1,0
BRDA:101,6,0,0
BRF:12
BRH:0
end_of_record
TN:
SF:src\routes\auth.routes.ts
FN:38,authRoutes
FN:40,(anonymous_2)
FN:48,(anonymous_3)
FN:122,(anonymous_4)
FN:226,(anonymous_5)
FN:326,(anonymous_6)
FN:398,(anonymous_7)
FN:444,(anonymous_8)
FN:474,(anonymous_9)
FN:476,(anonymous_10)
FNF:10
FNH:0
FNDA:0,authRoutes
FNDA:0,(anonymous_2)
FNDA:0,(anonymous_3)
FNDA:0,(anonymous_4)
FNDA:0,(anonymous_5)
FNDA:0,(anonymous_6)
FNDA:0,(anonymous_7)
FNDA:0,(anonymous_8)
FNDA:0,(anonymous_9)
FNDA:0,(anonymous_10)
DA:14,0
DA:15,0
DA:16,0
DA:17,0
DA:18,0
DA:21,0
DA:32,0
DA:38,0
DA:40,0
DA:42,0
DA:43,0
DA:44,0
DA:45,0
DA:48,0
DA:49,0
DA:52,0
DA:53,0
DA:54,0
DA:64,0
DA:75,0
DA:81,0
DA:90,0
DA:123,0
DA:124,0
DA:127,0
DA:128,0
DA:129,0
DA:137,0
DA:138,0
DA:139,0
DA:147,0
DA:148,0
DA:151,0
DA:161,0
DA:163,0
DA:171,0
DA:173,0
DA:174,0
DA:181,0
DA:186,0
DA:227,0
DA:228,0
DA:231,0
DA:241,0
DA:242,0
DA:250,0
DA:256,0
DA:257,0
DA:258,0
DA:261,0
DA:262,0
DA:265,0
DA:275,0
DA:277,0
DA:290,0
DA:292,0
DA:293,0
DA:300,0
DA:305,0
DA:327,0
DA:328,0
DA:331,0
DA:344,0
DA:345,0
DA:353,0
DA:359,0
DA:364,0
DA:366,0
DA:371,0
DA:373,0
DA:374,0
DA:381,0
DA:386,0
DA:399,0
DA:400,0
DA:403,0
DA:407,0
DA:408,0
DA:410,0
DA:413,0
DA:415,0
DA:417,0
DA:418,0
DA:425,0
DA:430,0
DA:446,0
DA:448,0
DA:457,0
DA:458,0
DA:465,0
DA:474,0
DA:476,0
DA:477,0
DA:478,0
DA:480,0
LF:95
LH:0
BRDA:128,0,0,0
BRDA:138,1,0,0
BRDA:156,2,0,0
BRDA:156,2,1,0
BRDA:173,3,0,0
BRDA:241,4,0,0
BRDA:241,5,0,0
BRDA:241,5,1,0
BRDA:261,6,0,0
BRDA:261,6,1,0
BRDA:262,7,0,0
BRDA:262,7,1,0
BRDA:282,8,0,0
BRDA:282,8,1,0
BRDA:292,9,0,0
BRDA:344,10,0,0
BRDA:373,11,0,0
BRDA:407,12,0,0
BRDA:407,12,1,0
BRDA:417,13,0,0
BRDA:457,14,0,0
BRF:21
BRH:0
end_of_record
TN:
SF:src\routes\hub.routes.ts
FN:33,hubRoutes
FN:35,(anonymous_1)
FNF:2
FNH:0
FNDA:0,hubRoutes
FNDA:0,(anonymous_1)
DA:14,0
DA:33,0
DA:35,0
DA:37,0
DA:40,0
DA:41,0
DA:42,0
DA:43,0
DA:44,0
DA:47,0
DA:48,0
DA:49,0
DA:52,0
DA:53,0
DA:56,0
DA:57,0
DA:58,0
LF:17
LH:0
BRF:0
BRH:0
end_of_record
TN:
SF:src\routes\message.routes.ts
FN:29,messageRoutes
FN:31,(anonymous_1)
FN:54,(anonymous_2)
FN:102,(anonymous_3)
FNF:4
FNH:0
FNDA:0,messageRoutes
FNDA:0,(anonymous_1)
FNDA:0,(anonymous_2)
FNDA:0,(anonymous_3)
DA:14,0
DA:29,0
DA:31,0
DA:33,0
DA:36,0
DA:37,0
DA:40,0
DA:41,0
DA:44,0
DA:45,0
DA:46,0
DA:54,0
DA:55,0
DA:56,0
DA:58,0
DA:59,0
DA:66,0
DA:68,0
DA:102,0
DA:117,0
DA:118,0
LF:21
LH:0
BRDA:58,0,0,0
BRDA:58,1,0,0
BRDA:58,1,1,0
BRF:3
BRH:0
end_of_record
TN:
SF:src\routes\user.routes.ts
FN:18,userRoutes
FN:51,(anonymous_1)
FN:98,(anonymous_2)
FN:130,(anonymous_3)
FN:161,(anonymous_4)
FN:166,(anonymous_5)
FN:259,(anonymous_6)
FN:284,(anonymous_7)
FN:303,(anonymous_8)
FN:323,(anonymous_9)
FN:413,(anonymous_10)
FN:455,(anonymous_11)
FN:503,(anonymous_12)
FN:511,(anonymous_13)
FN:514,(anonymous_14)
FNF:15
FNH:0
FNDA:0,userRoutes
FNDA:0,(anonymous_1)
FNDA:0,(anonymous_2)
FNDA:0,(anonymous_3)
FNDA:0,(anonymous_4)
FNDA:0,(anonymous_5)
FNDA:0,(anonymous_6)
FNDA:0,(anonymous_7)
FNDA:0,(anonymous_8)
FNDA:0,(anonymous_9)
FNDA:0,(anonymous_10)
FNDA:0,(anonymous_11)
FNDA:0,(anonymous_12)
FNDA:0,(anonymous_13)
FNDA:0,(anonymous_14)
DA:10,0
DA:11,0
DA:12,0
DA:13,0
DA:16,0
DA:18,0
DA:20,0
DA:27,0
DA:34,0
DA:40,0
DA:51,0
DA:52,0
DA:54,0
DA:55,0
DA:69,0
DA:70,0
DA:78,0
DA:80,0
DA:88,0
DA:89,0
DA:94,0
DA:99,0
DA:100,0
DA:102,0
DA:103,0
DA:117,0
DA:118,0
DA:120,0
DA:121,0
DA:126,0
DA:131,0
DA:132,0
DA:134,0
DA:136,0
DA:139,0
DA:147,0
DA:149,0
DA:155,0
DA:156,0
DA:161,0
DA:162,0
DA:164,0
DA:166,0
DA:168,0
DA:173,0
DA:184,0
DA:190,0
DA:192,0
DA:201,0
DA:208,0
DA:215,0
DA:223,0
DA:228,0
DA:238,0
DA:243,0
DA:245,0
DA:249,0
DA:250,0
DA:259,0
DA:260,0
DA:262,0
DA:263,0
DA:284,0
DA:285,0
DA:287,0
DA:301,0
DA:303,0
DA:304,0
DA:305,0
DA:306,0
DA:308,0
DA:311,0
DA:313,0
DA:314,0
DA:319,0
DA:324,0
DA:325,0
DA:327,0
DA:329,0
DA:339,0
DA:340,0
DA:348,0
DA:349,0
DA:357,0
DA:364,0
DA:365,0
DA:373,0
DA:393,0
DA:395,0
DA:407,0
DA:408,0
DA:413,0
DA:414,0
DA:415,0
DA:417,0
DA:418,0
DA:425,0
DA:426,0
DA:433,0
DA:439,0
DA:441,0
DA:445,0
DA:446,0
DA:455,0
DA:456,0
DA:457,0
DA:459,0
DA:460,0
DA:467,0
DA:468,0
DA:499,0
DA:503,0
DA:511,0
DA:514,0
DA:519,0
DA:520,0
LF:116
LH:0
BRDA:69,0,0,0
BRDA:83,1,0,0
BRDA:83,1,1,0
BRDA:84,2,0,0
BRDA:84,2,1,0
BRDA:294,3,0,0
BRDA:294,3,1,0
BRDA:295,4,0,0
BRDA:295,4,1,0
BRDA:296,5,0,0
BRDA:296,5,1,0
BRDA:305,6,0,0
BRDA:339,7,0,0
BRDA:348,8,0,0
BRDA:364,9,0,0
BRDA:377,10,0,0
BRDA:377,10,1,0
BRDA:378,11,0,0
BRDA:378,11,1,0
BRDA:425,12,0,0
BRDA:459,13,0,0
BRDA:459,14,0,0
BRDA:459,14,1,0
BRF:23
BRH:0
end_of_record
TN:
SF:src\services\email.ts
FN:36,initializeEmailService
FN:90,createDevTransport
FN:122,sendEmail
FN:170,sendSystemNotification
FNF:4
FNH:0
FNDA:0,initializeEmailService
FNDA:0,createDevTransport
FNDA:0,sendEmail
FNDA:0,sendSystemNotification
DA:13,0
DA:14,0
DA:36,0
DA:38,0
DA:39,0
DA:42,0
DA:44,0
DA:53,0
DA:55,0
DA:62,0
DA:64,0
DA:71,0
DA:73,0
DA:74,0
DA:76,0
DA:79,0
DA:81,0
DA:82,0
DA:91,0
DA:93,0
DA:96,0
DA:106,0
DA:112,0
DA:113,0
DA:122,0
DA:124,0
DA:125,0
DA:128,0
DA:130,0
DA:133,0
DA:142,0
DA:149,0
DA:150,0
DA:153,0
DA:155,0
DA:161,0
DA:170,0
DA:171,0
DA:173,0
DA:174,0
DA:175,0
DA:178,0
DA:179,0
DA:191,0
DA:193,0
LF:45
LH:0
BRDA:39,0,0,0
BRDA:39,0,1,0
BRDA:42,1,0,0
BRDA:42,1,1,0
BRDA:45,2,0,0
BRDA:45,2,1,0
BRDA:46,3,0,0
BRDA:46,3,1,0
BRDA:53,4,0,0
BRDA:53,4,1,0
BRDA:62,5,0,0
BRDA:62,5,1,0
BRDA:71,6,0,0
BRDA:71,6,1,0
BRDA:124,7,0,0
BRDA:130,8,0,0
BRDA:130,8,1,0
BRDA:149,9,0,0
BRDA:171,10,0,0
BRDA:171,10,1,0
BRDA:173,11,0,0
BRF:21
BRH:0
end_of_record
TN:
SF:src\services\redis.ts
FN:17,(anonymous_1)
FN:26,(anonymous_2)
FN:27,(anonymous_3)
FN:29,(anonymous_4)
FN:34,(anonymous_5)
FN:42,(anonymous_6)
FN:51,(anonymous_7)
FN:72,(anonymous_8)
FN:108,(anonymous_9)
FN:128,(anonymous_10)
FN:147,(anonymous_11)
FN:166,(anonymous_12)
FN:180,(anonymous_13)
FN:195,(anonymous_14)
FNF:14
FNH:0
FNDA:0,(anonymous_1)
FNDA:0,(anonymous_2)
FNDA:0,(anonymous_3)
FNDA:0,(anonymous_4)
FNDA:0,(anonymous_5)
FNDA:0,(anonymous_6)
FNDA:0,(anonymous_7)
FNDA:0,(anonymous_8)
FNDA:0,(anonymous_9)
FNDA:0,(anonymous_10)
FNDA:0,(anonymous_11)
FNDA:0,(anonymous_12)
FNDA:0,(anonymous_13)
FNDA:0,(anonymous_14)
DA:9,0
DA:10,0
DA:13,0
DA:19,0
DA:20,0
DA:21,0
DA:26,0
DA:27,0
DA:29,0
DA:30,0
DA:31,0
DA:34,0
DA:35,0
DA:36,0
DA:37,0
DA:42,0
DA:43,0
DA:44,0
DA:45,0
DA:46,0
DA:51,0
DA:52,0
DA:53,0
DA:63,0
DA:64,0
DA:72,0
DA:77,0
DA:79,0
DA:89,0
DA:90,0
DA:92,0
DA:95,0
DA:98,0
DA:99,0
DA:108,0
DA:109,0
DA:110,0
DA:111,0
DA:114,0
DA:119,0
DA:120,0
DA:128,0
DA:129,0
DA:130,0
DA:132,0
DA:133,0
DA:147,0
DA:152,0
DA:153,0
DA:154,0
DA:156,0
DA:157,0
DA:166,0
DA:167,0
DA:168,0
DA:170,0
DA:171,0
DA:180,0
DA:181,0
DA:182,0
DA:183,0
DA:184,0
DA:186,0
DA:187,0
DA:195,0
DA:196,0
DA:197,0
DA:199,0
DA:200,0
DA:205,0
LF:70
LH:0
BRDA:14,0,0,0
BRDA:14,0,1,0
BRDA:15,1,0,0
BRDA:15,1,1,0
BRDA:36,2,0,0
BRDA:43,3,0,0
BRDA:83,4,0,0
BRDA:83,4,1,0
BRDA:89,5,0,0
BRDA:89,5,1,0
BRDA:111,6,0,0
BRDA:111,7,0,0
BRDA:111,7,1,0
BRDA:150,8,0,0
BRDA:153,9,0,0
BRDA:153,9,1,0
BRDA:183,10,0,0
BRF:17
BRH:0
end_of_record
TN:
SF:src\services\websocket.ts
FN:26,(anonymous_1)
FN:55,(anonymous_2)
FN:60,(anonymous_3)
FN:71,(anonymous_4)
FN:83,(anonymous_5)
FN:115,(anonymous_6)
FN:132,(anonymous_7)
FN:180,(anonymous_8)
FN:187,(anonymous_9)
FN:193,(anonymous_10)
FN:200,(anonymous_11)
FN:207,(anonymous_12)
FN:238,(anonymous_13)
FN:250,(anonymous_14)
FN:266,(anonymous_15)
FN:280,(anonymous_16)
FNF:16
FNH:0
FNDA:0,(anonymous_1)
FNDA:0,(anonymous_2)
FNDA:0,(anonymous_3)
FNDA:0,(anonymous_4)
FNDA:0,(anonymous_5)
FNDA:0,(anonymous_6)
FNDA:0,(anonymous_7)
FNDA:0,(anonymous_8)
FNDA:0,(anonymous_9)
FNDA:0,(anonymous_10)
FNDA:0,(anonymous_11)
FNDA:0,(anonymous_12)
FNDA:0,(anonymous_13)
FNDA:0,(anonymous_14)
FNDA:0,(anonymous_15)
FNDA:0,(anonymous_16)
DA:15,0
DA:16,0
DA:17,0
DA:20,0
DA:23,0
DA:26,0
DA:28,0
DA:30,0
DA:31,0
DA:32,0
DA:33,0
DA:36,0
DA:38,0
DA:40,0
DA:41,0
DA:45,0
DA:46,0
DA:47,0
DA:49,0
DA:50,0
DA:55,0
DA:57,0
DA:60,0
DA:61,0
DA:64,0
DA:65,0
DA:67,0
DA:70,0
DA:71,0
DA:73,0
DA:76,0
DA:83,0
DA:88,0
DA:89,0
DA:92,0
DA:93,0
DA:94,0
DA:97,0
DA:100,0
DA:103,0
DA:113,0
DA:114,0
DA:115,0
DA:116,0
DA:121,0
DA:126,0
DA:127,0
DA:132,0
DA:137,0
DA:138,0
DA:141,0
DA:142,0
DA:143,0
DA:146,0
DA:149,0
DA:152,0
DA:162,0
DA:165,0
DA:170,0
DA:171,0
DA:180,0
DA:181,0
DA:182,0
DA:185,0
DA:186,0
DA:187,0
DA:188,0
DA:193,0
DA:194,0
DA:195,0
DA:198,0
DA:199,0
DA:200,0
DA:201,0
DA:207,0
DA:211,0
DA:213,0
DA:215,0
DA:218,0
DA:219,0
DA:226,0
DA:228,0
DA:229,0
DA:238,0
DA:239,0
DA:240,0
DA:243,0
DA:250,0
DA:251,0
DA:252,0
DA:255,0
DA:266,0
DA:267,0
DA:270,0
DA:271,0
DA:272,0
DA:275,0
DA:276,0
DA:279,0
DA:280,0
DA:283,0
DA:292,0
LF:102
LH:0
BRDA:23,0,0,0
BRDA:23,0,1,0
BRDA:28,1,0,0
BRDA:28,1,1,0
BRDA:30,2,0,0
BRDA:40,3,0,0
BRDA:64,4,0,0
BRDA:88,5,0,0
BRDA:92,6,0,0
BRDA:92,7,0,0
BRDA:92,7,1,0
BRDA:114,8,0,0
BRDA:114,9,0,0
BRDA:114,9,1,0
BRDA:137,10,0,0
BRDA:141,11,0,0
BRDA:141,12,0,0
BRDA:141,12,1,0
BRDA:182,13,0,0
BRDA:186,14,0,0
BRDA:186,15,0,0
BRDA:186,15,1,0
BRDA:195,16,0,0
BRDA:199,17,0,0
BRDA:199,18,0,0
BRDA:199,18,1,0
BRDA:218,19,0,0
BRDA:271,20,0,0
BRDA:275,21,0,0
BRF:29
BRH:0
end_of_record
TN:
SF:src\utils\database.ts
FN:38,getPrismaClient
FN:44,(anonymous_1)
FN:49,(anonymous_2)
FN:53,(anonymous_3)
FN:57,(anonymous_4)
FN:72,disconnectPrisma
FN:84,(anonymous_6)
FN:90,(anonymous_7)
FNF:8
FNH:0
FNDA:0,getPrismaClient
FNDA:0,(anonymous_1)
FNDA:0,(anonymous_2)
FNDA:0,(anonymous_3)
FNDA:0,(anonymous_4)
FNDA:0,disconnectPrisma
FNDA:0,(anonymous_6)
FNDA:0,(anonymous_7)
DA:13,0
DA:14,0
DA:17,0
DA:20,0
DA:32,0
DA:38,0
DA:39,0
DA:40,0
DA:42,0
DA:44,0
DA:45,0
DA:46,0
DA:49,0
DA:50,0
DA:53,0
DA:54,0
DA:57,0
DA:58,0
DA:62,0
DA:65,0
DA:72,0
DA:73,0
DA:74,0
DA:75,0
DA:76,0
DA:81,0
DA:84,0
DA:85,0
DA:86,0
DA:87,0
DA:90,0
DA:91,0
DA:92,0
DA:93,0
LF:34
LH:0
BRDA:20,0,0,0
BRDA:20,0,1,0
BRDA:39,1,0,0
BRDA:42,2,0,0
BRDA:73,3,0,0
BRF:5
BRH:0
end_of_record
TN:
SF:src\utils\errorHandler.ts
FN:20,(anonymous_0)
FNF:1
FNH:0
FNDA:0,(anonymous_0)
DA:15,0
DA:16,0
DA:17,0
DA:20,0
DA:26,0
DA:29,0
DA:30,0
DA:31,0
DA:40,0
DA:42,0
DA:43,0
DA:44,0
DA:45,0
DA:53,0
DA:54,0
DA:55,0
DA:63,0
DA:64,0
DA:72,0
DA:73,0
DA:74,0
DA:82,0
DA:90,0
DA:92,0
LF:24
LH:0
BRDA:29,0,0,0
BRDA:40,1,0,0
BRDA:42,2,0,0
BRDA:43,3,0,0
BRDA:43,3,1,0
BRDA:53,4,0,0
BRDA:72,5,0,0
BRDA:77,6,0,0
BRDA:77,6,1,0
BRDA:90,7,0,0
BRDA:90,7,1,0
BRDA:94,8,0,0
BRDA:94,8,1,0
BRDA:95,9,0,0
BRDA:95,9,1,0
BRDA:97,10,0,0
BRDA:97,10,1,0
BRF:17
BRH:0
end_of_record
TN:
SF:src\utils\logger.ts
FNF:0
FNH:0
DA:13,0
DA:16,0
DA:29,0
DA:30,0
DA:31,0
LF:5
LH:0
BRDA:25,0,0,0
BRDA:25,0,1,0
BRF:2
BRH:0
end_of_record
